
*** Running xst
    with args -ifn "mojo_top_0.xst" -ofn "mojo_top_0.srp" -intstyle ise

Reading design: mojo_top_0.prj

=========================================================================
*                          HDL Parsing                                  *
=========================================================================
Analyzing Verilog file "C:/Users/Yak Jun Lun/Documents/mojo/last/work/planAhead/last/last.srcs/sources_1/imports/verilog/shifter_6.v" into library work
Parsing module <shifter_6>.
Analyzing Verilog file "C:/Users/Yak Jun Lun/Documents/mojo/last/work/planAhead/last/last.srcs/sources_1/imports/verilog/extra_7.v" into library work
Parsing module <extra_7>.
Analyzing Verilog file "C:/Users/Yak Jun Lun/Documents/mojo/last/work/planAhead/last/last.srcs/sources_1/imports/verilog/compare_5.v" into library work
Parsing module <compare_5>.
Analyzing Verilog file "C:/Users/Yak Jun Lun/Documents/mojo/last/work/planAhead/last/last.srcs/sources_1/imports/verilog/boole_4.v" into library work
Parsing module <boole_4>.
Analyzing Verilog file "C:/Users/Yak Jun Lun/Documents/mojo/last/work/planAhead/last/last.srcs/sources_1/imports/verilog/adder_3.v" into library work
Parsing module <adder_3>.
Analyzing Verilog file "C:/Users/Yak Jun Lun/Documents/mojo/last/work/planAhead/last/last.srcs/sources_1/imports/verilog/reset_conditioner_1.v" into library work
Parsing module <reset_conditioner_1>.
Analyzing Verilog file "C:/Users/Yak Jun Lun/Documents/mojo/last/work/planAhead/last/last.srcs/sources_1/imports/verilog/alu_2.v" into library work
Parsing module <alu_2>.
Analyzing Verilog file "C:/Users/Yak Jun Lun/Documents/mojo/last/work/planAhead/last/last.srcs/sources_1/imports/verilog/mojo_top_0.v" into library work
Parsing module <mojo_top_0>.

=========================================================================
*                            HDL Elaboration                            *
=========================================================================

Elaborating module <mojo_top_0>.

Elaborating module <reset_conditioner_1>.

Elaborating module <alu_2>.

Elaborating module <adder_3>.

Elaborating module <boole_4>.

Elaborating module <compare_5>.

Elaborating module <shifter_6>.

Elaborating module <extra_7>.
WARNING:HDLCompiler:1127 - "C:/Users/Yak Jun Lun/Documents/mojo/last/work/planAhead/last/last.srcs/sources_1/imports/verilog/mojo_top_0.v" Line 51: Assignment to M_alu_test ignored, since the identifier is never used

=========================================================================
*                           HDL Synthesis                               *
=========================================================================

Synthesizing Unit <mojo_top_0>.
    Related source file is "C:/Users/Yak Jun Lun/Documents/mojo/last/work/planAhead/last/last.srcs/sources_1/imports/verilog/mojo_top_0.v".
WARNING:Xst:647 - Input <io_button> is never used. This port will be preserved and left unconnected if it belongs to a top-level block or it belongs to a sub-block and the hierarchy of this sub-block is preserved.
WARNING:Xst:647 - Input <io_dip<23:22>> is never used. This port will be preserved and left unconnected if it belongs to a top-level block or it belongs to a sub-block and the hierarchy of this sub-block is preserved.
WARNING:Xst:647 - Input <cclk> is never used. This port will be preserved and left unconnected if it belongs to a top-level block or it belongs to a sub-block and the hierarchy of this sub-block is preserved.
WARNING:Xst:647 - Input <spi_ss> is never used. This port will be preserved and left unconnected if it belongs to a top-level block or it belongs to a sub-block and the hierarchy of this sub-block is preserved.
WARNING:Xst:647 - Input <spi_mosi> is never used. This port will be preserved and left unconnected if it belongs to a top-level block or it belongs to a sub-block and the hierarchy of this sub-block is preserved.
WARNING:Xst:647 - Input <spi_sck> is never used. This port will be preserved and left unconnected if it belongs to a top-level block or it belongs to a sub-block and the hierarchy of this sub-block is preserved.
WARNING:Xst:647 - Input <avr_tx> is never used. This port will be preserved and left unconnected if it belongs to a top-level block or it belongs to a sub-block and the hierarchy of this sub-block is preserved.
WARNING:Xst:647 - Input <avr_rx_busy> is never used. This port will be preserved and left unconnected if it belongs to a top-level block or it belongs to a sub-block and the hierarchy of this sub-block is preserved.
INFO:Xst:3210 - "C:/Users/Yak Jun Lun/Documents/mojo/last/work/planAhead/last/last.srcs/sources_1/imports/verilog/mojo_top_0.v" line 44: Output port <test> of the instance <alu> is unconnected or connected to loadless signal.
    Found 1-bit tristate buffer for signal <spi_miso> created at line 54
    Found 1-bit tristate buffer for signal <spi_channel<3>> created at line 54
    Found 1-bit tristate buffer for signal <spi_channel<2>> created at line 54
    Found 1-bit tristate buffer for signal <spi_channel<1>> created at line 54
    Found 1-bit tristate buffer for signal <spi_channel<0>> created at line 54
    Found 1-bit tristate buffer for signal <avr_rx> created at line 54
    Summary:
	inferred   6 Tristate(s).
Unit <mojo_top_0> synthesized.

Synthesizing Unit <reset_conditioner_1>.
    Related source file is "C:/Users/Yak Jun Lun/Documents/mojo/last/work/planAhead/last/last.srcs/sources_1/imports/verilog/reset_conditioner_1.v".
    Found 4-bit register for signal <M_stage_q>.
    Summary:
	inferred   4 D-type flip-flop(s).
Unit <reset_conditioner_1> synthesized.

Synthesizing Unit <alu_2>.
    Related source file is "C:/Users/Yak Jun Lun/Documents/mojo/last/work/planAhead/last/last.srcs/sources_1/imports/verilog/alu_2.v".
WARNING:Xst:647 - Input <clk> is never used. This port will be preserved and left unconnected if it belongs to a top-level block or it belongs to a sub-block and the hierarchy of this sub-block is preserved.
WARNING:Xst:647 - Input <rst> is never used. This port will be preserved and left unconnected if it belongs to a top-level block or it belongs to a sub-block and the hierarchy of this sub-block is preserved.
    Found 8-bit subtractor for signal <a[7]_b[7]_sub_4_OUT> created at line 131.
    Found 8-bit adder for signal <a[7]_b[7]_add_1_OUT> created at line 126.
    Found 8-bit shifter logical left for signal <a[7]_b[7]_shift_left_12_OUT> created at line 156
    Found 8-bit shifter logical right for signal <a[7]_b[7]_shift_right_14_OUT> created at line 161
    Found 8-bit 4-to-1 multiplexer for signal <result> created at line 109.
    Found 8-bit comparator not equal for signal <n0002> created at line 126
    Found 8-bit comparator not equal for signal <n0005> created at line 131
    Found 8-bit comparator equal for signal <a[7]_b[7]_equal_6_o> created at line 136
    Found 8-bit comparator not equal for signal <GND_3_o_M_boole_boole[7]_equal_7_o> created at line 136
    Found 8-bit comparator not equal for signal <a[7]_M_boole_boole[7]_equal_9_o> created at line 141
    Found 8-bit comparator not equal for signal <GND_3_o_M_boole_boole[7]_equal_11_o> created at line 146
    Found 8-bit comparator not equal for signal <n0016> created at line 151
    Found 8-bit comparator not equal for signal <a[7]_M_shifter_shifter[7]_equal_14_o> created at line 156
    Found 8-bit comparator not equal for signal <a[7]_M_shifter_shifter[7]_equal_16_o> created at line 161
    Found 1-bit comparator not equal for signal <a[7]_M_compare_cmp[0]_equal_20_o> created at line 171
    Found 8-bit comparator greater for signal <a[7]_b[7]_LessThan_21_o> created at line 176
    Found 1-bit comparator not equal for signal <a[7]_M_compare_cmp[0]_equal_22_o> created at line 176
    Found 8-bit comparator lessequal for signal <n0029> created at line 181
    Found 1-bit comparator not equal for signal <a[7]_M_compare_cmp[0]_equal_24_o> created at line 181
    Summary:
	inferred   2 Adder/Subtractor(s).
	inferred  14 Comparator(s).
	inferred   3 Multiplexer(s).
	inferred   2 Combinational logic shifter(s).
Unit <alu_2> synthesized.

Synthesizing Unit <adder_3>.
    Related source file is "C:/Users/Yak Jun Lun/Documents/mojo/last/work/planAhead/last/last.srcs/sources_1/imports/verilog/adder_3.v".
WARNING:Xst:647 - Input <alufn<5:2>> is never used. This port will be preserved and left unconnected if it belongs to a top-level block or it belongs to a sub-block and the hierarchy of this sub-block is preserved.
    Found 8-bit subtractor for signal <a[7]_b[7]_sub_3_OUT> created at line 24.
    Found 8-bit adder for signal <a[7]_b[7]_add_1_OUT> created at line 21.
    Summary:
	inferred   1 Adder/Subtractor(s).
Unit <adder_3> synthesized.

Synthesizing Unit <boole_4>.
    Related source file is "C:/Users/Yak Jun Lun/Documents/mojo/last/work/planAhead/last/last.srcs/sources_1/imports/verilog/boole_4.v".
WARNING:Xst:647 - Input <alufn<5:4>> is never used. This port will be preserved and left unconnected if it belongs to a top-level block or it belongs to a sub-block and the hierarchy of this sub-block is preserved.
    Summary:
	inferred  24 Multiplexer(s).
Unit <boole_4> synthesized.

Synthesizing Unit <compare_5>.
    Related source file is "C:/Users/Yak Jun Lun/Documents/mojo/last/work/planAhead/last/last.srcs/sources_1/imports/verilog/compare_5.v".
WARNING:Xst:647 - Input <alufn<0:0>> is never used. This port will be preserved and left unconnected if it belongs to a top-level block or it belongs to a sub-block and the hierarchy of this sub-block is preserved.
WARNING:Xst:647 - Input <alufn<5:3>> is never used. This port will be preserved and left unconnected if it belongs to a top-level block or it belongs to a sub-block and the hierarchy of this sub-block is preserved.
    Found 1-bit 4-to-1 multiplexer for signal <cmp> created at line 20.
    Summary:
	inferred   1 Multiplexer(s).
Unit <compare_5> synthesized.

Synthesizing Unit <shifter_6>.
    Related source file is "C:/Users/Yak Jun Lun/Documents/mojo/last/work/planAhead/last/last.srcs/sources_1/imports/verilog/shifter_6.v".
WARNING:Xst:647 - Input <alufn<5:2>> is never used. This port will be preserved and left unconnected if it belongs to a top-level block or it belongs to a sub-block and the hierarchy of this sub-block is preserved.
    Found 8-bit shifter logical left for signal <a[7]_b[7]_shift_left_0_OUT> created at line 21
    Found 8-bit shifter logical right for signal <a[7]_b[7]_shift_right_1_OUT> created at line 24
    Found 8-bit shifter arithmetic right for signal <a[7]_b[7]_shift_right_2_OUT> created at line 27
    Found 8-bit 4-to-1 multiplexer for signal <shifter> created at line 19.
    Summary:
	inferred   4 Multiplexer(s).
	inferred   3 Combinational logic shifter(s).
Unit <shifter_6> synthesized.

Synthesizing Unit <extra_7>.
    Related source file is "C:/Users/Yak Jun Lun/Documents/mojo/last/work/planAhead/last/last.srcs/sources_1/imports/verilog/extra_7.v".
WARNING:Xst:647 - Input <a<6:0>> is never used. This port will be preserved and left unconnected if it belongs to a top-level block or it belongs to a sub-block and the hierarchy of this sub-block is preserved.
WARNING:Xst:647 - Input <b<6:0>> is never used. This port will be preserved and left unconnected if it belongs to a top-level block or it belongs to a sub-block and the hierarchy of this sub-block is preserved.
    Summary:
	no macro.
Unit <extra_7> synthesized.

=========================================================================
HDL Synthesis Report

Macro Statistics
# Adders/Subtractors                                   : 3
 8-bit adder                                           : 1
 8-bit addsub                                          : 1
 8-bit subtractor                                      : 1
# Registers                                            : 1
 4-bit register                                        : 1
# Comparators                                          : 14
 1-bit comparator not equal                            : 3
 8-bit comparator equal                                : 1
 8-bit comparator greater                              : 1
 8-bit comparator lessequal                            : 1
 8-bit comparator not equal                            : 8
# Multiplexers                                         : 32
 1-bit 2-to-1 multiplexer                              : 21
 1-bit 4-to-1 multiplexer                              : 1
 8-bit 2-to-1 multiplexer                              : 8
 8-bit 4-to-1 multiplexer                              : 2
# Logic shifters                                       : 5
 8-bit shifter arithmetic right                        : 1
 8-bit shifter logical left                            : 2
 8-bit shifter logical right                           : 2
# Tristates                                            : 6
 1-bit tristate buffer                                 : 6
# Xors                                                 : 1
 1-bit xor2                                            : 1

=========================================================================

=========================================================================
*                       Advanced HDL Synthesis                          *
=========================================================================


=========================================================================
Advanced HDL Synthesis Report

Macro Statistics
# Adders/Subtractors                                   : 3
 8-bit adder                                           : 1
 8-bit addsub                                          : 1
 8-bit subtractor                                      : 1
# Registers                                            : 4
 Flip-Flops                                            : 4
# Comparators                                          : 14
 1-bit comparator not equal                            : 3
 8-bit comparator equal                                : 1
 8-bit comparator greater                              : 1
 8-bit comparator lessequal                            : 1
 8-bit comparator not equal                            : 8
# Multiplexers                                         : 32
 1-bit 2-to-1 multiplexer                              : 21
 1-bit 4-to-1 multiplexer                              : 1
 8-bit 2-to-1 multiplexer                              : 8
 8-bit 4-to-1 multiplexer                              : 2
# Logic shifters                                       : 5
 8-bit shifter arithmetic right                        : 1
 8-bit shifter logical left                            : 2
 8-bit shifter logical right                           : 2
# Xors                                                 : 1
 1-bit xor2                                            : 1

=========================================================================

=========================================================================
*                         Low Level Synthesis                           *
=========================================================================

Optimizing unit <mojo_top_0> ...

Optimizing unit <alu_2> ...
WARNING:Xst:2677 - Node <reset_cond/M_stage_q_3> of sequential type is unconnected in block <mojo_top_0>.
WARNING:Xst:2677 - Node <reset_cond/M_stage_q_2> of sequential type is unconnected in block <mojo_top_0>.
WARNING:Xst:2677 - Node <reset_cond/M_stage_q_1> of sequential type is unconnected in block <mojo_top_0>.
WARNING:Xst:2677 - Node <reset_cond/M_stage_q_0> of sequential type is unconnected in block <mojo_top_0>.

Mapping all equations...
Building and optimizing final netlist ...
Found area constraint ratio of 100 (+ 0) on block mojo_top_0, actual ratio is 1.

Final Macro Processing ...

=========================================================================
Final Register Report

Found no macro
=========================================================================

=========================================================================
*                           Partition Report                            *
=========================================================================

Partition Implementation Status
-------------------------------

  No Partitions were found in this design.

-------------------------------

=========================================================================
*                            Design Summary                             *
=========================================================================

Clock Information:
------------------
No clock signals found in this design

Asynchronous Control Signals Information:
----------------------------------------
No asynchronous control signals found in this design

Timing Summary:
---------------
Speed Grade: -2

   Minimum period: No path found
   Minimum input arrival time before clock: No path found
   Maximum output required time after clock: No path found
   Maximum combinational path delay: 11.459ns

=========================================================================
